beehive-node1: Tansfiriendo archivo /home/group/distribuidos/201825_25789/13/pruebas/Proyecto/libro_medicina.txt a /local_home/pafernandez.14/libro_medicina.txt en los nodos beehive-node[1-6]
beehive-node1: Transfiriendo archivo /home/group/distribuidos/201825_25789/13/pruebas/Proyecto/libro_medicina.txt al coordinador beehive-node6 (El Ultimo Proceso)
----------Preparando el entorno-------------
	Modulos cargados...
----------=====================-------------



---------- Ejecucion de Script de Python -------------
[prun] Master compute host = beehive-node1
[prun] Resource manager = slurm
[prun] Launch cmd = mpirun python Proyecto1.py (family=openmpi3)
Numero de palabras: 897
palabras por nodo: 82
Proceso Coordinador envia palabras, de manera asincona
coordinador --> voy a enviar:  82  a proceso  0 . ( 0 , 81 )
coordinador --> voy a enviar:  82  a proceso  1 . ( 82 , 163 )
coordinador --> voy a enviar:  82  a proceso  2 . ( 164 , 245 )
coordinador --> voy a enviar:  82  a proceso  3 . ( 246 , 327 )
coordinador --> voy a enviar:  82  a proceso  4 . ( 328 , 409 )
coordinador --> voy a enviar:  82  a proceso  5 . ( 410 , 491 )
coordinador --> voy a enviar:  82  a proceso  6 . ( 492 , 573 )
coordinador --> voy a enviar:  82  a proceso  7 . ( 574 , 655 )
coordinador --> voy a enviar:  82  a proceso  8 . ( 656 , 737 )
coordinador --> voy a enviar:  159  a proceso  9 . ( 738 , 897 )
Proceso 2  --> recibi:  82
Proceso 3  --> recibi:  82
Proceso 6  --> recibi:  82
Proceso 7  --> recibi:  82
coordinador termino envio asincrono
Nodo coordinador espera respuesta de manera asincrona
Proceso 8  --> recibi:  82
Proceso 9  --> recibi:  159
Proceso 4  --> recibi:  82
Proceso 5  --> recibi:  82
Proceso 0  --> recibi:  82
Proceso 1  --> recibi:  82
Proceso 2 ---> Buscando palabras y generando mapa de incidencias...
Proceso 3 ---> Buscando palabras y generando mapa de incidencias...
Proceso 6 ---> Buscando palabras y generando mapa de incidencias...
Proceso 7 ---> Buscando palabras y generando mapa de incidencias...
Proceso 8 ---> Buscando palabras y generando mapa de incidencias...
Proceso 9 ---> Buscando palabras y generando mapa de incidencias...
Proceso 4 ---> Buscando palabras y generando mapa de incidencias...
Proceso 5 ---> Buscando palabras y generando mapa de incidencias...
Proceso 1 ---> Buscando palabras y generando mapa de incidencias...
Proceso 0 ---> Buscando palabras y generando mapa de incidencias...
Soy el proceso:5 de la fase 1 y transcurrieron 19.4103150368 segundos ejecutando el proceso del libro
coordinador -> recibi:  82  elementos De Proceso:  5
Soy el proceso:4 de la fase 1 y transcurrieron 19.9114501476 segundos ejecutando el proceso del libro
coordinador -> recibi:  82  elementos De Proceso:  4
Soy el proceso:1 de la fase 1 y transcurrieron 19.9989848137 segundos ejecutando el proceso del libro
coordinador -> recibi:  82  elementos De Proceso:  1
Soy el proceso:0 de la fase 1 y transcurrieron 20.0596079826 segundos ejecutando el proceso del libro
coordinador -> recibi:  82  elementos De Proceso:  0
Proceso 1 en beehive-node1...Recibiendo de 0...
Soy el proceso:1 de la fase 2 y transcurrieron 20.2918748856 segundos ejecutando el proceso del libro
Soy el proceso:8 de la fase 1 y transcurrieron 21.029282093 segundos ejecutando el proceso del libro
coordinador -> recibi:  82  elementos De Proceso:  8
Soy el proceso:3 de la fase 1 y transcurrieron 21.4908809662 segundos ejecutando el proceso del libro
coordinador -> recibi:  82  elementos De Proceso:  3
Soy el proceso:7 de la fase 1 y transcurrieron 21.6810359955 segundos ejecutando el proceso del libro
coordinador -> recibi:  82  elementos De Proceso:  7
Soy el proceso:2 de la fase 1 y transcurrieron 21.8042800426 segundos ejecutando el proceso del libro
coordinador -> recibi:  82  elementos De Proceso:  2
Proceso 2 en beehive-node2...Recibiendo de 1...
Soy el proceso:2 de la fase 2 y transcurrieron 21.9394450188 segundos ejecutando el proceso del libro
Soy el proceso:6 de la fase 1 y transcurrieron 21.9575212002 segundos ejecutando el proceso del libro
coordinador -> recibi:  82  elementos De Proceso:  6
Proceso 3 en beehive-node2...Recibiendo de 2...
Soy el proceso:3 de la fase 2 y transcurrieron 22.1830940247 segundos ejecutando el proceso del libro
Proceso 4 en beehive-node3...Recibiendo de 3...
Soy el proceso:4 de la fase 2 y transcurrieron 22.4455549717 segundos ejecutando el proceso del libro
Proceso 5 en beehive-node3...Recibiendo de 4...
Soy el proceso:5 de la fase 2 y transcurrieron 22.723886013 segundos ejecutando el proceso del libro
Proceso 6 en beehive-node4...Recibiendo de 5...
Soy el proceso:6 de la fase 2 y transcurrieron 23.0116980076 segundos ejecutando el proceso del libro
Proceso 7 en beehive-node4...Recibiendo de 6...
Soy el proceso:7 de la fase 2 y transcurrieron 23.2611970901 segundos ejecutando el proceso del libro
Proceso 8 en beehive-node5...Recibiendo de 7...
Soy el proceso:8 de la fase 2 y transcurrieron 23.5246090889 segundos ejecutando el proceso del libro
Soy el proceso:9 de la fase 1 y transcurrieron 33.7670722008 segundos ejecutando el proceso del libro
coordinador -> recibi:  159  elementos De Proceso:  9
coordinador -> sali del ciclo
Proceso 9 en beehive-node5...Recibiendo de 8...
Soy el proceso:9 de la fase 2 y transcurrieron 33.847192049 segundos ejecutando el proceso del libro
coordinador -> Recibi Libro Modificado...Escribiendo En archivo...
Estos son los resultados de la primera fase (Todo presentado en segundos): [20.06, 19.999, 21.804, 21.491, 19.911, 19.41, 21.958, 21.681, 21.029, 33.767]
Estos son los resultados de la primera fase (Todo presentado en segundos): [20.061, 20.292, 21.939, 22.183, 22.446, 22.724, 23.012, 23.261, 23.525, 33.847]

real	0m37.240s
user	0m43.526s
sys	0m2.394s

----------=====================-------------


