beehive-node7: Tansfiriendo archivo /home/group/distribuidos/201825_25789/13/pruebas/Proyecto/libro_medicina.txt a /local_home/pafernandez.14/libro_medicina.txt en los nodos beehive-node[7-12]
beehive-node7: Transfiriendo archivo /home/group/distribuidos/201825_25789/13/pruebas/Proyecto/libro_medicina.txt al coordinador beehive-node12 (El Ultimo Proceso)
----------Preparando el entorno-------------
	Modulos cargados...
----------=====================-------------



---------- Ejecucion de Script de Python -------------
[prun] Master compute host = beehive-node7
[prun] Resource manager = slurm
[prun] Launch cmd = mpirun python Proyecto1.py (family=openmpi3)
Numero de palabras: 897
palabras por nodo: 82
Proceso Coordinador envia palabras, de manera asincona
coordinador --> voy a enviar:  82  a proceso  0 . ( 0 , 81 )
coordinador --> voy a enviar:  82  a proceso  1 . ( 82 , 163 )
coordinador --> voy a enviar:  82  a proceso  2 . ( 164 , 245 )
coordinador --> voy a enviar:  82  a proceso  3 . ( 246 , 327 )
coordinador --> voy a enviar:  82  a proceso  4 . ( 328 , 409 )
coordinador --> voy a enviar:  82  a proceso  5 . ( 410 , 491 )
coordinador --> voy a enviar:  82  a proceso  6 . ( 492 , 573 )
coordinador --> voy a enviar:  82  a proceso  7 . ( 574 , 655 )
coordinador --> voy a enviar:  82  a proceso  8 . ( 656 , 737 )
coordinador --> voy a enviar:  159  a proceso  9 . ( 738 , 897 )
Proceso 0  --> recibi:  82
Proceso 1  --> recibi:  82
coordinador termino envio asincrono
Nodo coordinador espera respuesta de manera asincrona
Proceso 8  --> recibi:  82
Proceso 9  --> recibi:  159
Proceso 3  --> recibi:  82
Proceso 2  --> recibi:  82
Proceso 6  --> recibi:  82
Proceso 7  --> recibi:  82
Proceso 4  --> recibi:  82
Proceso 5  --> recibi:  82
Proceso 0 ---> Buscando palabras y generando mapa de incidencias...
Proceso 1 ---> Buscando palabras y generando mapa de incidencias...
Proceso 8 ---> Buscando palabras y generando mapa de incidencias...
Proceso 9 ---> Buscando palabras y generando mapa de incidencias...
Proceso 3 ---> Buscando palabras y generando mapa de incidencias...
Proceso 2 ---> Buscando palabras y generando mapa de incidencias...
Proceso 6 ---> Buscando palabras y generando mapa de incidencias...
Proceso 7 ---> Buscando palabras y generando mapa de incidencias...
Proceso 4 ---> Buscando palabras y generando mapa de incidencias...
Proceso 5 ---> Buscando palabras y generando mapa de incidencias...
Soy el proceso:1 de la fase 1 y transcurrieron 7.25857400894 segundos ejecutando el proceso del libro
coordinador -> recibi:  82  elementos De Proceso:  1
Soy el proceso:4 de la fase 1 y transcurrieron 7.32071685791 segundos ejecutando el proceso del libro
coordinador -> recibi:  82  elementos De Proceso:  4
Soy el proceso:7 de la fase 1 y transcurrieron 7.34733510017 segundos ejecutando el proceso del libro
coordinador -> recibi:  82  elementos De Proceso:  7
Soy el proceso:0 de la fase 1 y transcurrieron 7.37124109268 segundos ejecutando el proceso del libro
coordinador -> recibi:  82  elementos De Proceso:  0
Soy el proceso:5 de la fase 1 y transcurrieron 7.41833591461 segundos ejecutando el proceso del libro
coordinador -> recibi:  82  elementos De Proceso:  5
Soy el proceso:2 de la fase 1 y transcurrieron 7.44968104362 segundos ejecutando el proceso del libro
coordinador -> recibi:  82  elementos De Proceso:  2
Soy el proceso:8 de la fase 1 y transcurrieron 7.47494697571 segundos ejecutando el proceso del libro
coordinador -> recibi:  82  elementos De Proceso:  8
Soy el proceso:6 de la fase 1 y transcurrieron 7.48966193199 segundos ejecutando el proceso del libro
coordinador -> recibi:  82  elementos De Proceso:  6
Proceso 1 en beehive-node7...Recibiendo de 0...
Soy el proceso:1 de la fase 2 y transcurrieron 7.53420186043 segundos ejecutando el proceso del libro
Soy el proceso:3 de la fase 1 y transcurrieron 7.52522206306 segundos ejecutando el proceso del libro
coordinador -> recibi:  82  elementos De Proceso:  3
Proceso 2 en beehive-node8...Recibiendo de 1...
Soy el proceso:2 de la fase 2 y transcurrieron 7.73367619514 segundos ejecutando el proceso del libro
Proceso 3 en beehive-node8...Recibiendo de 2...
Soy el proceso:3 de la fase 2 y transcurrieron 7.90817904472 segundos ejecutando el proceso del libro
Proceso 4 en beehive-node9...Recibiendo de 3...
Soy el proceso:4 de la fase 2 y transcurrieron 8.11249494553 segundos ejecutando el proceso del libro
Proceso 5 en beehive-node9...Recibiendo de 4...
Soy el proceso:5 de la fase 2 y transcurrieron 8.28734397888 segundos ejecutando el proceso del libro
Proceso 6 en beehive-node10...Recibiendo de 5...
Soy el proceso:6 de la fase 2 y transcurrieron 8.5074338913 segundos ejecutando el proceso del libro
Proceso 7 en beehive-node10...Recibiendo de 6...
Soy el proceso:7 de la fase 2 y transcurrieron 8.69850111008 segundos ejecutando el proceso del libro
Proceso 8 en beehive-node11...Recibiendo de 7...
Soy el proceso:8 de la fase 2 y transcurrieron 8.91702699661 segundos ejecutando el proceso del libro
Soy el proceso:9 de la fase 1 y transcurrieron 14.1878340244 segundos ejecutando el proceso del libro
coordinador -> recibi:  159  elementos De Proceso:  9
coordinador -> sali del ciclo
Proceso 9 en beehive-node11...Recibiendo de 8...
Soy el proceso:9 de la fase 2 y transcurrieron 14.2470748425 segundos ejecutando el proceso del libro
coordinador -> Recibi Libro Modificado...Escribiendo En archivo...
Estos son los resultados de la primera fase (Todo presentado en segundos): [7.371, 7.259, 7.45, 7.525, 7.321, 7.418, 7.49, 7.347, 7.475, 14.188]
Estos son los resultados de la primera fase (Todo presentado en segundos): [7.372, 7.534, 7.734, 7.908, 8.112, 8.287, 8.507, 8.699, 8.917, 14.247]

real	0m17.238s
user	0m16.754s
sys	0m0.691s

----------=====================-------------


