----------Preparando el entorno-------------
	Modulos cargados...
----------=====================-------------



---------- Ejecucion de Script de Python -------------
[prun] Master compute host = beehive-node1
[prun] Resource manager = slurm
[prun] Launch cmd = mpirun anilloPy.py (family=openmpi3)
Proceso 2 en beehive-node2 -> envia a proceso 3...Enviando {'random': 8}...
Proceso 3 en beehive-node2 -> envia a proceso 4...Enviando {'random': 15}...
Proceso 7 en beehive-node4 -> envia a proceso 8...Enviando {'random': 26}...
Proceso 6 en beehive-node4 -> envia a proceso 7...Enviando {'random': 21}...
Proceso 8 en beehive-node5 -> envia a proceso 9...Enviando {'random': 17}...
Proceso 7 en beehive-node4...Recibiendo de 6... {'random': 21}
Proceso 8 en beehive-node5...Recibiendo de 7... {'random': 26}
Proceso 9 en beehive-node5 -> envia a proceso 10...Enviando {'random': 16}...
Proceso 4 en beehive-node3 -> envia a proceso 5...Enviando {'random': 26}...
Proceso 3 en beehive-node2...Recibiendo de 2... {'random': 8}
Proceso 4 en beehive-node3...Recibiendo de 3... {'random': 15}
Proceso 10 en beehive-node6 -> envia a proceso 11...Enviando {'random': 12}...
Proceso 9 en beehive-node5...Recibiendo de 8... {'random': 17}
Proceso 10 en beehive-node6...Recibiendo de 9... {'random': 16}
Proceso 5 en beehive-node3 -> envia a proceso 6...Enviando {'random': 0}...
Proceso 11 en beehive-node6 -> envia a proceso 0...Enviando {'random': 14}...
Proceso 6 en beehive-node4...Recibiendo de 5... {'random': 0}
Proceso 5 en beehive-node3...Recibiendo de 4... {'random': 26}
Proceso 0 en beehive-node1 -> envia a proceso 1...Enviando {'random': 10}...
Proceso 1 en beehive-node1 -> envia a proceso 2...Enviando {'random': 12}...
Proceso 0 en beehive-node1...Recibiendo de 11... {'random': 14}
Proceso 11 en beehive-node6...Recibiendo de 10... {'random': 12}
Proceso 1 en beehive-node1...Recibiendo de 0... {'random': 10}
Proceso 2 en beehive-node2...Recibiendo de 1... {'random': 12}

real	0m9.764s
user	0m1.287s
sys	0m0.719s

----------=====================-------------


